2018-10-24 00:54:39.580 WARN  org.springframework.web.servlet.handler.AbstractHandlerExceptionResolver 136 resolveException - Resolved [java.lang.ArithmeticException: / by zero]
2018-10-24 11:33:33.022 WARN  org.springframework.web.servlet.handler.AbstractHandlerExceptionResolver 136 resolveException - Resolved [java.lang.ArithmeticException: / by zero]
2018-10-24 11:35:33.673 WARN  org.springframework.web.servlet.handler.AbstractHandlerExceptionResolver 136 resolveException - Resolved [java.lang.ArithmeticException: / by zero]
2018-10-24 11:39:33.495 WARN  org.springframework.web.servlet.handler.AbstractHandlerExceptionResolver 136 resolveException - Resolved [java.lang.ArithmeticException: / by zero]
2018-10-24 11:46:48.505 WARN  org.springframework.web.servlet.handler.AbstractHandlerExceptionResolver 136 resolveException - Resolved [java.lang.ArithmeticException: / by zero]
2018-10-24 11:48:26.756 WARN  org.springframework.web.servlet.handler.AbstractHandlerExceptionResolver 136 resolveException - Resolved [java.lang.ArithmeticException: / by zero]
2018-10-24 11:50:24.936 WARN  org.springframework.web.servlet.handler.AbstractHandlerExceptionResolver 136 resolveException - Resolved [java.lang.ArithmeticException: / by zero]
2018-10-24 11:50:26.433 WARN  org.springframework.web.servlet.handler.AbstractHandlerExceptionResolver 136 resolveException - Resolved [java.lang.ArithmeticException: / by zero]
2018-10-24 11:50:27.315 WARN  org.springframework.web.servlet.handler.AbstractHandlerExceptionResolver 136 resolveException - Resolved [java.lang.ArithmeticException: / by zero]
2018-10-24 11:50:27.772 WARN  org.springframework.web.servlet.handler.AbstractHandlerExceptionResolver 136 resolveException - Resolved [java.lang.ArithmeticException: / by zero]
2018-10-24 11:50:27.961 WARN  org.springframework.web.servlet.handler.AbstractHandlerExceptionResolver 136 resolveException - Resolved [java.lang.ArithmeticException: / by zero]
2018-10-24 11:50:28.159 WARN  org.springframework.web.servlet.handler.AbstractHandlerExceptionResolver 136 resolveException - Resolved [java.lang.ArithmeticException: / by zero]
2018-10-24 11:50:28.339 WARN  org.springframework.web.servlet.handler.AbstractHandlerExceptionResolver 136 resolveException - Resolved [java.lang.ArithmeticException: / by zero]
2018-10-24 11:50:28.537 WARN  org.springframework.web.servlet.handler.AbstractHandlerExceptionResolver 136 resolveException - Resolved [java.lang.ArithmeticException: / by zero]
2018-10-24 11:50:28.734 WARN  org.springframework.web.servlet.handler.AbstractHandlerExceptionResolver 136 resolveException - Resolved [java.lang.ArithmeticException: / by zero]
2018-10-24 12:17:01.100 WARN  org.springframework.web.servlet.handler.AbstractHandlerExceptionResolver 136 resolveException - Resolved [java.lang.ArithmeticException: / by zero]
2018-10-24 12:17:02.814 WARN  org.springframework.web.servlet.handler.AbstractHandlerExceptionResolver 136 resolveException - Resolved [java.lang.ArithmeticException: / by zero]
2018-10-24 12:17:03.349 WARN  org.springframework.web.servlet.handler.AbstractHandlerExceptionResolver 136 resolveException - Resolved [java.lang.ArithmeticException: / by zero]
2018-10-24 12:17:03.561 WARN  org.springframework.web.servlet.handler.AbstractHandlerExceptionResolver 136 resolveException - Resolved [java.lang.ArithmeticException: / by zero]
2018-10-24 12:35:29.613 WARN  org.springframework.web.servlet.handler.AbstractHandlerExceptionResolver 136 resolveException - Resolved [java.lang.ArithmeticException: / by zero]
2018-10-24 12:36:01.357 WARN  org.springframework.web.servlet.handler.AbstractHandlerExceptionResolver 136 resolveException - Resolved [org.mybatis.spring.MyBatisSystemException: nested exception is org.apache.ibatis.exceptions.TooManyResultsException: Expected one result (or null) to be returned by selectOne(), but found: 2]
2018-10-24 12:44:14.086 WARN  org.springframework.web.servlet.handler.AbstractHandlerExceptionResolver 136 resolveException - Resolved [java.lang.NullPointerException]
2018-10-24 12:45:26.388 WARN  org.springframework.web.servlet.handler.AbstractHandlerExceptionResolver 136 resolveException - Resolved [java.lang.NullPointerException]
2018-10-24 12:45:57.923 WARN  org.springframework.web.servlet.handler.AbstractHandlerExceptionResolver 136 resolveException - Resolved [java.lang.NullPointerException]
2018-10-24 13:01:51.822 WARN  org.springframework.web.servlet.handler.AbstractHandlerExceptionResolver 136 resolveException - Resolved [org.springframework.web.HttpRequestMethodNotSupportedException: Request method 'GET' not supported]
2018-10-24 13:02:45.074 WARN  org.springframework.web.servlet.handler.AbstractHandlerExceptionResolver 136 resolveException - Resolved [org.springframework.jdbc.BadSqlGrammarException: 
### Error updating database.  Cause: com.mysql.jdbc.exceptions.jdbc4.MySQLSyntaxErrorException: You have an error in your SQL syntax; check the manual that corresponds to your MySQL server version for the right syntax to use near '(id , `name`)
        VALUES (null,null)' at line 1
### The error may involve com.qbk.mapper.TestMapper.addTest-Inline
### The error occurred while setting parameters
### SQL: INSERT INTO (id , `name`)         VALUES (?,?)
### Cause: com.mysql.jdbc.exceptions.jdbc4.MySQLSyntaxErrorException: You have an error in your SQL syntax; check the manual that corresponds to your MySQL server version for the right syntax to use near '(id , `name`)
        VALUES (null,null)' at line 1
; bad SQL grammar []; nested exception is com.mysql.jdbc.exceptions.jdbc4.MySQLSyntaxErrorException: You have an error in your SQL syntax; check the manual that corresponds to your MySQL server version for the right syntax to use near '(id , `name`)
        VALUES (null,null)' at line 1]
2018-10-24 13:03:15.662 WARN  org.springframework.web.servlet.handler.AbstractHandlerExceptionResolver 136 resolveException - Resolved [org.springframework.jdbc.BadSqlGrammarException: 
### Error updating database.  Cause: com.mysql.jdbc.exceptions.jdbc4.MySQLSyntaxErrorException: You have an error in your SQL syntax; check the manual that corresponds to your MySQL server version for the right syntax to use near '(id , `name`)
        VALUES (null,null)' at line 1
### The error may involve com.qbk.mapper.TestMapper.addTest-Inline
### The error occurred while setting parameters
### SQL: INSERT INTO (id , `name`)         VALUES (?,?)
### Cause: com.mysql.jdbc.exceptions.jdbc4.MySQLSyntaxErrorException: You have an error in your SQL syntax; check the manual that corresponds to your MySQL server version for the right syntax to use near '(id , `name`)
        VALUES (null,null)' at line 1
; bad SQL grammar []; nested exception is com.mysql.jdbc.exceptions.jdbc4.MySQLSyntaxErrorException: You have an error in your SQL syntax; check the manual that corresponds to your MySQL server version for the right syntax to use near '(id , `name`)
        VALUES (null,null)' at line 1]
2018-10-24 13:06:17.910 WARN  org.springframework.web.servlet.handler.AbstractHandlerExceptionResolver 136 resolveException - Resolved [org.springframework.web.HttpRequestMethodNotSupportedException: Request method 'GET' not supported]
2018-10-24 13:06:23.800 WARN  org.springframework.web.servlet.handler.AbstractHandlerExceptionResolver 136 resolveException - Resolved [org.springframework.dao.DataIntegrityViolationException: 
### Error updating database.  Cause: com.mysql.jdbc.exceptions.jdbc4.MySQLIntegrityConstraintViolationException: Column 'id' cannot be null
### The error may involve com.qbk.mapper.TestMapper.addTest-Inline
### The error occurred while setting parameters
### SQL: INSERT INTO t_test (id , `name`)         VALUES (?,?)
### Cause: com.mysql.jdbc.exceptions.jdbc4.MySQLIntegrityConstraintViolationException: Column 'id' cannot be null
; SQL []; Column 'id' cannot be null; nested exception is com.mysql.jdbc.exceptions.jdbc4.MySQLIntegrityConstraintViolationException: Column 'id' cannot be null]
2018-10-24 13:07:51.192 WARN  org.springframework.web.servlet.handler.AbstractHandlerExceptionResolver 136 resolveException - Resolved [org.springframework.dao.DataIntegrityViolationException: 
### Error updating database.  Cause: com.mysql.jdbc.exceptions.jdbc4.MySQLIntegrityConstraintViolationException: Column 'id' cannot be null
### The error may involve com.qbk.mapper.TestMapper.addTest-Inline
### The error occurred while setting parameters
### SQL: INSERT INTO t_test (id , `name`)         VALUES (?,?)
### Cause: com.mysql.jdbc.exceptions.jdbc4.MySQLIntegrityConstraintViolationException: Column 'id' cannot be null
; SQL []; Column 'id' cannot be null; nested exception is com.mysql.jdbc.exceptions.jdbc4.MySQLIntegrityConstraintViolationException: Column 'id' cannot be null]
2018-10-24 13:08:52.107 WARN  org.springframework.web.servlet.handler.AbstractHandlerExceptionResolver 136 resolveException - Resolved [org.springframework.dao.DataIntegrityViolationException: 
### Error updating database.  Cause: com.mysql.jdbc.exceptions.jdbc4.MySQLIntegrityConstraintViolationException: Column 'id' cannot be null
### The error may involve com.qbk.mapper.TestMapper.addTest-Inline
### The error occurred while setting parameters
### SQL: INSERT INTO t_test (id , `name`)         VALUES (?,?)
### Cause: com.mysql.jdbc.exceptions.jdbc4.MySQLIntegrityConstraintViolationException: Column 'id' cannot be null
; SQL []; Column 'id' cannot be null; nested exception is com.mysql.jdbc.exceptions.jdbc4.MySQLIntegrityConstraintViolationException: Column 'id' cannot be null]
2018-10-24 13:10:14.719 WARN  org.springframework.web.servlet.handler.AbstractHandlerExceptionResolver 136 resolveException - Resolved [org.springframework.dao.DataIntegrityViolationException: 
### Error updating database.  Cause: com.mysql.jdbc.exceptions.jdbc4.MySQLIntegrityConstraintViolationException: Column 'id' cannot be null
### The error may involve com.qbk.mapper.TestMapper.addTest-Inline
### The error occurred while setting parameters
### SQL: INSERT INTO t_test (id , `name`)         VALUES (?,?)
### Cause: com.mysql.jdbc.exceptions.jdbc4.MySQLIntegrityConstraintViolationException: Column 'id' cannot be null
; SQL []; Column 'id' cannot be null; nested exception is com.mysql.jdbc.exceptions.jdbc4.MySQLIntegrityConstraintViolationException: Column 'id' cannot be null]
2018-10-24 13:34:49.799 WARN  org.springframework.web.servlet.handler.AbstractHandlerExceptionResolver 136 resolveException - Resolved [org.springframework.web.HttpRequestMethodNotSupportedException: Request method 'GET' not supported]
